<?xml version="1.0" encoding="UTF-8"?>
<testsuite xmlns:xsi="http://www.w3.org/2001/XMLSchema-instance" xsi:noNamespaceSchemaLocation="https://maven.apache.org/surefire/maven-surefire-plugin/xsd/surefire-test-report.xsd" version="3.0.2" name="com.devlop3.sports_api.SportsApiApplicationTests" time="6.2" tests="1" errors="0" skipped="0" failures="0">
  <properties>
[...]
</properties>
  <testcase name="contextLoads" classname="com.devlop3.sports_api.SportsApiApplicationTests" time="0.316">
    <system-out><![CDATA[14:19:03.832 [main] INFO org.springframework.test.context.support.AnnotationConfigContextLoaderUtils -- Could not detect default configuration classes for test class [com.devlop3.sports_api.SportsApiApplicationTests]: SportsApiApplicationTests does not declare any static, non-private, non-final, nested classes annotated with @Configuration.
14:19:03.918 [main] INFO org.springframework.boot.test.context.SpringBootTestContextBootstrapper -- Found @SpringBootConfiguration com.devlop3.sports_api.SportsApiApplication for test class com.devlop3.sports_api.SportsApiApplicationTests
14:19:04.020 [main] INFO org.springframework.boot.devtools.restart.RestartApplicationListener -- Restart disabled due to context in which it is running

  .   ____          _            __ _ _
 /\\ / ___'_ __ _ _(_)_ __  __ _ \ \ \ \
( ( )\___ | '_ | '_| | '_ \/ _` | \ \ \ \
 \\/  ___)| |_)| | | | | || (_| |  ) ) ) )
  '  |____| .__|_| |_|_| |_\__, | / / / /
 =========|_|==============|___/=/_/_/_/

 :: Spring Boot ::                (v3.5.3)

2026-03-31T14:19:04.248+07:00  INFO 17492 --- [sports-api] [           main] c.d.s.SportsApiApplicationTests          : Starting SportsApiApplicationTests using Java 25.0.2 with PID 17492 (started by devlop3 in d:\sports-api)
2026-03-31T14:19:04.249+07:00  INFO 17492 --- [sports-api] [           main] c.d.s.SportsApiApplicationTests          : No active profile set, falling back to 1 default profile: "default"
2026-03-31T14:19:04.877+07:00  INFO 17492 --- [sports-api] [           main] .s.d.r.c.RepositoryConfigurationDelegate : Bootstrapping Spring Data JPA repositories in DEFAULT mode.
2026-03-31T14:19:04.935+07:00  INFO 17492 --- [sports-api] [           main] .s.d.r.c.RepositoryConfigurationDelegate : Finished Spring Data repository scanning in 49 ms. Found 7 JPA repository interfaces.
2026-03-31T14:19:05.307+07:00  INFO 17492 --- [sports-api] [           main] o.hibernate.jpa.internal.util.LogHelper  : HHH000204: Processing PersistenceUnitInfo [name: default]
2026-03-31T14:19:05.345+07:00  INFO 17492 --- [sports-api] [           main] org.hibernate.Version                    : HHH000412: Hibernate ORM core version 6.6.18.Final
2026-03-31T14:19:05.372+07:00  INFO 17492 --- [sports-api] [           main] o.h.c.internal.RegionFactoryInitiator    : HHH000026: Second-level cache disabled
2026-03-31T14:19:05.578+07:00  INFO 17492 --- [sports-api] [           main] o.s.o.j.p.SpringPersistenceUnitInfo      : No LoadTimeWeaver setup: ignoring JPA class transformer
2026-03-31T14:19:05.598+07:00  INFO 17492 --- [sports-api] [           main] com.zaxxer.hikari.HikariDataSource       : HikariPool-1 - Starting...
2026-03-31T14:19:05.988+07:00  INFO 17492 --- [sports-api] [           main] com.zaxxer.hikari.pool.HikariPool        : HikariPool-1 - Added connection com.mysql.cj.jdbc.ConnectionImpl@3a751535
2026-03-31T14:19:05.989+07:00  INFO 17492 --- [sports-api] [           main] com.zaxxer.hikari.HikariDataSource       : HikariPool-1 - Start completed.
2026-03-31T14:19:06.050+07:00  WARN 17492 --- [sports-api] [           main] org.hibernate.dialect.Dialect            : HHH000511: The 5.5.5 version for [org.hibernate.dialect.MySQLDialect] is no longer supported, hence certain features may not work properly. The minimum supported version is 8.0.0. Check the community dialects project for available legacy versions.
2026-03-31T14:19:06.052+07:00  WARN 17492 --- [sports-api] [           main] org.hibernate.orm.deprecation            : HHH90000025: MySQLDialect does not need to be specified explicitly using 'hibernate.dialect' (remove the property setting and it will be selected by default)
2026-03-31T14:19:06.062+07:00  INFO 17492 --- [sports-api] [           main] org.hibernate.orm.connections.pooling    : HHH10001005: Database info:
	Database JDBC URL [Connecting through datasource 'HikariDataSource (HikariPool-1)']
	Database driver: undefined/unknown
	Database version: 5.5.5
	Autocommit mode: undefined/unknown
	Isolation level: undefined/unknown
	Minimum pool size: undefined/unknown
	Maximum pool size: undefined/unknown
2026-03-31T14:19:06.701+07:00  INFO 17492 --- [sports-api] [           main] o.h.e.t.j.p.i.JtaPlatformInitiator       : HHH000489: No JTA platform available (set 'hibernate.transaction.jta.platform' to enable JTA platform integration)
2026-03-31T14:19:08.115+07:00  INFO 17492 --- [sports-api] [           main] j.LocalContainerEntityManagerFactoryBean : Initialized JPA EntityManagerFactory for persistence unit 'default'
2026-03-31T14:19:08.307+07:00  INFO 17492 --- [sports-api] [           main] o.s.d.j.r.query.QueryEnhancerFactory     : Hibernate is in classpath; If applicable, HQL parser will be used.
2026-03-31T14:19:08.833+07:00  WARN 17492 --- [sports-api] [           main] JpaBaseConfiguration$JpaWebConfiguration : spring.jpa.open-in-view is enabled by default. Therefore, database queries may be performed during view rendering. Explicitly configure spring.jpa.open-in-view to disable this warning
2026-03-31T14:19:08.858+07:00  WARN 17492 --- [sports-api] [           main] .s.s.UserDetailsServiceAutoConfiguration : 

Using generated security password: 25b7c6ed-6e39-4901-8f76-f2ad32cc0ae4

This generated password is for development use only. Your security configuration must be updated before running your application in production.

2026-03-31T14:19:08.864+07:00  INFO 17492 --- [sports-api] [           main] r$InitializeUserDetailsManagerConfigurer : Global AuthenticationManager configured with UserDetailsService bean with name inMemoryUserDetailsManager
2026-03-31T14:19:09.463+07:00  INFO 17492 --- [sports-api] [           main] o.s.b.a.e.web.EndpointLinksResolver      : Exposing 1 endpoint beneath base path '/actuator'
2026-03-31T14:19:09.537+07:00  INFO 17492 --- [sports-api] [           main] c.d.s.SportsApiApplicationTests          : Started SportsApiApplicationTests in 5.524 seconds (process running for 6.191)
⏳ Bắt đầu đồng bộ lúc: Tue Mar 31 14:19:09 GMT+07:00 2026
🔁 Đồng bộ ngày: 2026-03-28
]]></system-out>
    <system-err><![CDATA[Mockito is currently self-attaching to enable the inline-mock-maker. This will no longer work in future releases of the JDK. Please add Mockito as an agent to your build as described in Mockito's documentation: https://javadoc.io/doc/org.mockito/mockito-core/latest/org.mockito/org/mockito/Mockito.html#0.3
WARNING: A Java agent has been loaded dynamically (C:\Users\devlop3\.m2\repository\net\bytebuddy\byte-buddy-agent\1.17.6\byte-buddy-agent-1.17.6.jar)
WARNING: If a serviceability tool is in use, please run with -XX:+EnableDynamicAgentLoading to hide this warning
WARNING: If a serviceability tool is not in use, please run with -Djdk.instrument.traceUsage for more information
WARNING: Dynamic loading of agents will be disallowed by default in a future release
]]></system-err>
  </testcase>
</testsuite>